Change Physical Footprint: Designator=BAT Old Footprint=HDR1X2 New Footprint=HDR1X2
Change Physical Footprint: Designator=BOOT Old Footprint=HDR1X2 New Footprint=HDR1X2
Change Physical Footprint: Designator=C100 Old Footprint=C0805 New Footprint=C0805
Change Physical Footprint: Designator=C101 Old Footprint=C0805 New Footprint=C0805
Change Physical Footprint: Designator=C102 Old Footprint=C0805 New Footprint=C0805
Change Physical Footprint: Designator=C103 Old Footprint=C0805 New Footprint=C0805
Change Physical Footprint: Designator=C106 Old Footprint=C0805 New Footprint=C0805
Change Physical Footprint: Designator=C200 Old Footprint=C0805 New Footprint=C0805
Change Physical Footprint: Designator=C201 Old Footprint=C0805 New Footprint=C0805
Change Physical Footprint: Designator=C202 Old Footprint=C0805 New Footprint=C0805
Change Physical Footprint: Designator=C203 Old Footprint=C0805 New Footprint=C0805
Change Physical Footprint: Designator=C204 Old Footprint=C0805 New Footprint=C0805
Change Physical Footprint: Designator=C205 Old Footprint=C0805 New Footprint=C0805
Change Physical Footprint: Designator=C206 Old Footprint=C0805 New Footprint=C0805
Change Physical Footprint: Designator=C207 Old Footprint=C0805 New Footprint=C0805
Change Physical Footprint: Designator=C208 Old Footprint=C0805 New Footprint=C0805
Change Physical Footprint: Designator=C209 Old Footprint=C0805 New Footprint=C0805
Change Physical Footprint: Designator=C210 Old Footprint=C0805 New Footprint=C0805
Change Physical Footprint: Designator=C211 Old Footprint=C0805 New Footprint=C0805
Change Physical Footprint: Designator=D200 Old Footprint=D0805 New Footprint=D0805
Change Physical Footprint: Designator=J100 Old Footprint=MicroUSB New Footprint=MicroUSB
Change Physical Footprint: Designator=J200 Old Footprint=MicroSD New Footprint=MicroSD
Change Physical Footprint: Designator=JTAG Old Footprint=HDR1X5 New Footprint=HDR1X5
Change Physical Footprint: Designator=R200 Old Footprint=R0805 New Footprint=R0805
Change Physical Footprint: Designator=R201 Old Footprint=R0805 New Footprint=R0805
Change Physical Footprint: Designator=R202 Old Footprint=R0805 New Footprint=R0805
Change Physical Footprint: Designator=R203 Old Footprint=R0805 New Footprint=R0805
Change Physical Footprint: Designator=R204 Old Footprint=R0805 New Footprint=R0805
Change Physical Footprint: Designator=R205 Old Footprint=R0805 New Footprint=R0805
Change Physical Footprint: Designator=R206 Old Footprint=R0805 New Footprint=R0805
Change Physical Footprint: Designator=R207 Old Footprint=R0805 New Footprint=R0805
Change Physical Footprint: Designator=R208 Old Footprint=R0805 New Footprint=R0805
Change Physical Footprint: Designator=R209 Old Footprint=R0805 New Footprint=R0805
Change Physical Footprint: Designator=R210 Old Footprint=R0805 New Footprint=R0805
Change Physical Footprint: Designator=R211 Old Footprint=R0805 New Footprint=R0805
Change Physical Footprint: Designator=S200 Old Footprint=Tactile1 New Footprint=Tactile1
Change Physical Footprint: Designator=U200 Old Footprint=LQFP48-7x7mm New Footprint=LQFP48-7x7mm
Change Physical Footprint: Designator=U201 Old Footprint=SOT563 New Footprint=SOT563
Change Physical Footprint: Designator=U202 Old Footprint=8-SOIC New Footprint=8-SOIC
Change Physical Footprint: Designator=U203 Old Footprint=SSOP20 New Footprint=SSOP20
Change Physical Footprint: Designator=USB_POW Old Footprint=HDR1X2 New Footprint=HDR1X2
